<?xml version="1.0" encoding="UTF-8"?>
<testng-results ignored="0" total="1" passed="1" failed="0" skipped="0">
  <reporter-output>
  </reporter-output>
  <suite started-at="2023-09-15T15:59:36 IST" name="Default suite" finished-at="2023-09-15T15:59:50 IST" duration-ms="14371">
    <groups>
    </groups>
    <test started-at="2023-09-15T15:59:36 IST" name="Default test" finished-at="2023-09-15T15:59:50 IST" duration-ms="14371">
      <class name="com.facebook.web.automation.login.Test_Login">
        <test-method signature="verify_successfullyLogintothePortal(java.lang.String,java.lang.String)[pri:0, instance:com.facebook.web.automation.login.Test_Login@324dcd31]" started-at="2023-09-15T15:59:36 IST" name="verify_successfullyLogintothePortal" data-provider="logindata-provider" finished-at="2023-09-15T15:59:50 IST" duration-ms="13402" status="PASS">
          <params>
            <param index="0">
              <value>
                <![CDATA[thanuja.sanduni@gmail.com]]>
              </value>
            </param>
            <param index="1">
              <value>
                <![CDATA[test12345]]>
              </value>
            </param>
          </params>
          <reporter-output>
          </reporter-output>
        </test-method> <!-- verify_successfullyLogintothePortal -->
        <test-method is-config="true" signature="closedriver()[pri:0, instance:com.facebook.web.automation.login.Test_Login@324dcd31]" started-at="2023-09-15T15:59:50 IST" name="closedriver" finished-at="2023-09-15T15:59:50 IST" duration-ms="941" status="PASS">
          <reporter-output>
          </reporter-output>
        </test-method> <!-- closedriver -->
      </class> <!-- com.facebook.web.automation.login.Test_Login -->
    </test> <!-- Default test -->
  </suite> <!-- Default suite -->
</testng-results>
